# JRE version: OpenJDK Runtime Environment Temurin-17.0.8.1+1 (17.0.8.1+1) (build 17.0.8.1+1)
# Java VM: OpenJDK 64-Bit Server VM Temurin-17.0.8.1+1 (17.0.8.1+1, mixed mode, tiered, compressed oops, compressed class ptrs, parallel gc, bsd-amd64)
GC Precious Log:
 CPUs: 4 total, 4 available
 Memory: 16384M
 Large Page Support: Disabled
 NUMA Support: Disabled
 Compressed Oops: Enabled (Zero based)
 Alignments: Space 512K, Generation 512K, Heap 2M
 Heap Min Capacity: 100M
 Heap Initial Capacity: 100M
 Heap Max Capacity: 1G
 Pre-touch: Disabled
 Parallel Workers: 4
Heap:
 PSYoungGen      total 18944K, used 4717K [0x00000007eab00000, 0x00000007ebf80000, 0x0000000800000000)
  eden space 18432K, 23% used [0x00000007eab00000,0x00000007eaf3b5a8,0x00000007ebd00000)
  from space 512K, 75% used [0x00000007ebd00000,0x00000007ebd60000,0x00000007ebd80000)
  to   space 512K, 0% used [0x00000007ebf00000,0x00000007ebf00000,0x00000007ebf80000)
 ParOldGen       total 95744K, used 83461K [0x00000007c0000000, 0x00000007c5d80000, 0x00000007eab00000)
  object space 95744K, 87% used [0x00000007c0000000,0x00000007c5181510,0x00000007c5d80000)
 Metaspace       used 67322K, committed 68352K, reserved 1114112K
  class space    used 7792K, committed 8256K, reserved 1048576K
GC Heap History (20 events):
Event: 44.011 GC heap before
{Heap before GC invocations=65 (full 4):
 PSYoungGen      total 23552K, used 23378K [0x00000007eab00000, 0x00000007ec400000, 0x0000000800000000)
  eden space 21504K, 100% used [0x00000007eab00000,0x00000007ec000000,0x00000007ec000000)
  from space 2048K, 91% used [0x00000007ec080000,0x00000007ec254b28,0x00000007ec280000)
  to   space 1536K, 0% used [0x00000007ec280000,0x00000007ec280000,0x00000007ec400000)
 ParOldGen       total 95744K, used 73354K [0x00000007c0000000, 0x00000007c5d80000, 0x00000007eab00000)
  object space 95744K, 76% used [0x00000007c0000000,0x00000007c47a2808,0x00000007c5d80000)
 Metaspace       used 66393K, committed 67584K, reserved 1114112K
  class space    used 7725K, committed 8256K, reserved 1048576K
}
Event: 44.016 GC heap after
{Heap after GC invocations=65 (full 4):
 PSYoungGen      total 21504K, used 1536K [0x00000007eab00000, 0x00000007ec800000, 0x0000000800000000)
  eden space 19968K, 0% used [0x00000007eab00000,0x00000007eab00000,0x00000007ebe80000)
  from space 1536K, 100% used [0x00000007ec280000,0x00000007ec400000,0x00000007ec400000)
  to   space 4096K, 0% used [0x00000007ebe80000,0x00000007ebe80000,0x00000007ec280000)
 ParOldGen       total 95744K, used 75516K [0x00000007c0000000, 0x00000007c5d80000, 0x00000007eab00000)
  object space 95744K, 78% used [0x00000007c0000000,0x00000007c49bf330,0x00000007c5d80000)
 Metaspace       used 66393K, committed 67584K, reserved 1114112K
  class space    used 7725K, committed 8256K, reserved 1048576K
}
Event: 44.041 GC heap before
{Heap before GC invocations=66 (full 4):
 PSYoungGen      total 21504K, used 21504K [0x00000007eab00000, 0x00000007ec800000, 0x0000000800000000)
  eden space 19968K, 100% used [0x00000007eab00000,0x00000007ebe80000,0x00000007ebe80000)
  from space 1536K, 100% used [0x00000007ec280000,0x00000007ec400000,0x00000007ec400000)
  to   space 4096K, 0% used [0x00000007ebe80000,0x00000007ebe80000,0x00000007ec280000)
 ParOldGen       total 95744K, used 75516K [0x00000007c0000000, 0x00000007c5d80000, 0x00000007eab00000)
  object space 95744K, 78% used [0x00000007c0000000,0x00000007c49bf330,0x00000007c5d80000)
 Metaspace       used 66393K, committed 67584K, reserved 1114112K
  class space    used 7725K, committed 8256K, reserved 1048576K
}
Event: 44.044 GC heap after
{Heap after GC invocations=66 (full 4):
 PSYoungGen      total 22016K, used 1888K [0x00000007eab00000, 0x00000007ec380000, 0x0000000800000000)
  eden space 19968K, 0% used [0x00000007eab00000,0x00000007eab00000,0x00000007ebe80000)
  from space 2048K, 92% used [0x00000007ebe80000,0x00000007ec058010,0x00000007ec080000)
  to   space 2560K, 0% used [0x00000007ec100000,0x00000007ec100000,0x00000007ec380000)
 ParOldGen       total 95744K, used 77066K [0x00000007c0000000, 0x00000007c5d80000, 0x00000007eab00000)
  object space 95744K, 80% used [0x00000007c0000000,0x00000007c4b42b30,0x00000007c5d80000)
 Metaspace       used 66393K, committed 67584K, reserved 1114112K
  class space    used 7725K, committed 8256K, reserved 1048576K
}
Event: 44.063 GC heap before
{Heap before GC invocations=67 (full 4):
 PSYoungGen      total 22016K, used 21856K [0x00000007eab00000, 0x00000007ec380000, 0x0000000800000000)
  eden space 19968K, 100% used [0x00000007eab00000,0x00000007ebe80000,0x00000007ebe80000)
  from space 2048K, 92% used [0x00000007ebe80000,0x00000007ec058010,0x00000007ec080000)
  to   space 2560K, 0% used [0x00000007ec100000,0x00000007ec100000,0x00000007ec380000)
 ParOldGen       total 95744K, used 77066K [0x00000007c0000000, 0x00000007c5d80000, 0x00000007eab00000)
  object space 95744K, 80% used [0x00000007c0000000,0x00000007c4b42b30,0x00000007c5d80000)
 Metaspace       used 66393K, committed 67584K, reserved 1114112K
  class space    used 7725K, committed 8256K, reserved 1048576K
}
Event: 44.066 GC heap after
{Heap after GC invocations=67 (full 4):
 PSYoungGen      total 21504K, used 1536K [0x00000007eab00000, 0x00000007ec280000, 0x0000000800000000)
  eden space 19968K, 0% used [0x00000007eab00000,0x00000007eab00000,0x00000007ebe80000)
  from space 1536K, 100% used [0x00000007ec100000,0x00000007ec280000,0x00000007ec280000)
  to   space 2048K, 0% used [0x00000007ebe80000,0x00000007ebe80000,0x00000007ec080000)
 ParOldGen       total 95744K, used 78906K [0x00000007c0000000, 0x00000007c5d80000, 0x00000007eab00000)
  object space 95744K, 82% used [0x00000007c0000000,0x00000007c4d0eb40,0x00000007c5d80000)
 Metaspace       used 66393K, committed 67584K, reserved 1114112K
  class space    used 7725K, committed 8256K, reserved 1048576K
}
Event: 44.117 GC heap before
{Heap before GC invocations=68 (full 4):
 PSYoungGen      total 21504K, used 21504K [0x00000007eab00000, 0x00000007ec280000, 0x0000000800000000)
  eden space 19968K, 100% used [0x00000007eab00000,0x00000007ebe80000,0x00000007ebe80000)
  from space 1536K, 100% used [0x00000007ec100000,0x00000007ec280000,0x00000007ec280000)
  to   space 2048K, 0% used [0x00000007ebe80000,0x00000007ebe80000,0x00000007ec080000)
 ParOldGen       total 95744K, used 78906K [0x00000007c0000000, 0x00000007c5d80000, 0x00000007eab00000)
  object space 95744K, 82% used [0x00000007c0000000,0x00000007c4d0eb40,0x00000007c5d80000)
 Metaspace       used 66437K, committed 67584K, reserved 1114112K
  class space    used 7727K, committed 8256K, reserved 1048576K
}
Event: 44.120 GC heap after
{Heap after GC invocations=68 (full 4):
 PSYoungGen      total 20992K, used 1024K [0x00000007eab00000, 0x00000007ec180000, 0x0000000800000000)
  eden space 19968K, 0% used [0x00000007eab00000,0x00000007eab00000,0x00000007ebe80000)
  from space 1024K, 100% used [0x00000007ebe80000,0x00000007ebf80000,0x00000007ebf80000)
  to   space 1536K, 0% used [0x00000007ec000000,0x00000007ec000000,0x00000007ec180000)
 ParOldGen       total 95744K, used 80434K [0x00000007c0000000, 0x00000007c5d80000, 0x00000007eab00000)
  object space 95744K, 84% used [0x00000007c0000000,0x00000007c4e8cb40,0x00000007c5d80000)
 Metaspace       used 66437K, committed 67584K, reserved 1114112K
  class space    used 7727K, committed 8256K, reserved 1048576K
}
Event: 44.285 GC heap before
{Heap before GC invocations=69 (full 4):
 PSYoungGen      total 20992K, used 20992K [0x00000007eab00000, 0x00000007ec180000, 0x0000000800000000)
  eden space 19968K, 100% used [0x00000007eab00000,0x00000007ebe80000,0x00000007ebe80000)
  from space 1024K, 100% used [0x00000007ebe80000,0x00000007ebf80000,0x00000007ebf80000)
  to   space 1536K, 0% used [0x00000007ec000000,0x00000007ec000000,0x00000007ec180000)
 ParOldGen       total 95744K, used 80434K [0x00000007c0000000, 0x00000007c5d80000, 0x00000007eab00000)
  object space 95744K, 84% used [0x00000007c0000000,0x00000007c4e8cb40,0x00000007c5d80000)
 Metaspace       used 66657K, committed 67712K, reserved 1114112K
  class space    used 7751K, committed 8256K, reserved 1048576K
}
Event: 44.288 GC heap after
{Heap after GC invocations=69 (full 4):
 PSYoungGen      total 19968K, used 1536K [0x00000007eab00000, 0x00000007ec480000, 0x0000000800000000)
  eden space 18432K, 0% used [0x00000007eab00000,0x00000007eab00000,0x00000007ebd00000)
  from space 1536K, 100% used [0x00000007ec000000,0x00000007ec180000,0x00000007ec180000)
  to   space 3072K, 0% used [0x00000007ebd00000,0x00000007ebd00000,0x00000007ec000000)
 ParOldGen       total 95744K, used 81466K [0x00000007c0000000, 0x00000007c5d80000, 0x00000007eab00000)
  object space 95744K, 85% used [0x00000007c0000000,0x00000007c4f8eb40,0x00000007c5d80000)
 Metaspace       used 66657K, committed 67712K, reserved 1114112K
  class space    used 7751K, committed 8256K, reserved 1048576K
}
Event: 44.313 GC heap before
{Heap before GC invocations=70 (full 4):
 PSYoungGen      total 19968K, used 19968K [0x00000007eab00000, 0x00000007ec480000, 0x0000000800000000)
  eden space 18432K, 100% used [0x00000007eab00000,0x00000007ebd00000,0x00000007ebd00000)
  from space 1536K, 100% used [0x00000007ec000000,0x00000007ec180000,0x00000007ec180000)
  to   space 3072K, 0% used [0x00000007ebd00000,0x00000007ebd00000,0x00000007ec000000)
 ParOldGen       total 95744K, used 81466K [0x00000007c0000000, 0x00000007c5d80000, 0x00000007eab00000)
  object space 95744K, 85% used [0x00000007c0000000,0x00000007c4f8eb40,0x00000007c5d80000)
 Metaspace       used 66661K, committed 67712K, reserved 1114112K
  class space    used 7751K, committed 8256K, reserved 1048576K
}
Event: 44.315 GC heap after
{Heap after GC invocations=70 (full 4):
 PSYoungGen      total 18944K, used 256K [0x00000007eab00000, 0x00000007ec080000, 0x0000000800000000)
  eden space 18432K, 0% used [0x00000007eab00000,0x00000007eab00000,0x00000007ebd00000)
  from space 512K, 50% used [0x00000007ebd00000,0x00000007ebd40000,0x00000007ebd80000)
  to   space 1536K, 0% used [0x00000007ebf00000,0x00000007ebf00000,0x00000007ec080000)
 ParOldGen       total 95744K, used 82810K [0x00000007c0000000, 0x00000007c5d80000, 0x00000007eab00000)
  object space 95744K, 86% used [0x00000007c0000000,0x00000007c50deb40,0x00000007c5d80000)
 Metaspace       used 66661K, committed 67712K, reserved 1114112K
  class space    used 7751K, committed 8256K, reserved 1048576K
}
Event: 44.373 GC heap before
{Heap before GC invocations=71 (full 4):
 PSYoungGen      total 18944K, used 18688K [0x00000007eab00000, 0x00000007ec080000, 0x0000000800000000)
  eden space 18432K, 100% used [0x00000007eab00000,0x00000007ebd00000,0x00000007ebd00000)
  from space 512K, 50% used [0x00000007ebd00000,0x00000007ebd40000,0x00000007ebd80000)
  to   space 1536K, 0% used [0x00000007ebf00000,0x00000007ebf00000,0x00000007ec080000)
 ParOldGen       total 95744K, used 82810K [0x00000007c0000000, 0x00000007c5d80000, 0x00000007eab00000)
  object space 95744K, 86% used [0x00000007c0000000,0x00000007c50deb40,0x00000007c5d80000)
 Metaspace       used 66835K, committed 67904K, reserved 1114112K
  class space    used 7763K, committed 8256K, reserved 1048576K
}
Event: 44.374 GC heap after
{Heap after GC invocations=71 (full 4):
 PSYoungGen      total 18944K, used 352K [0x00000007eab00000, 0x00000007ebf80000, 0x0000000800000000)
  eden space 18432K, 0% used [0x00000007eab00000,0x00000007eab00000,0x00000007ebd00000)
  from space 512K, 68% used [0x00000007ebf00000,0x00000007ebf58000,0x00000007ebf80000)
  to   space 512K, 0% used [0x00000007ebd00000,0x00000007ebd00000,0x00000007ebd80000)
 ParOldGen       total 95744K, used 82866K [0x00000007c0000000, 0x00000007c5d80000, 0x00000007eab00000)
  object space 95744K, 86% used [0x00000007c0000000,0x00000007c50ecb50,0x00000007c5d80000)
 Metaspace       used 66835K, committed 67904K, reserved 1114112K
  class space    used 7763K, committed 8256K, reserved 1048576K
}
Event: 44.438 GC heap before
{Heap before GC invocations=72 (full 4):
 PSYoungGen      total 18944K, used 18784K [0x00000007eab00000, 0x00000007ebf80000, 0x0000000800000000)
  eden space 18432K, 100% used [0x00000007eab00000,0x00000007ebd00000,0x00000007ebd00000)
  from space 512K, 68% used [0x00000007ebf00000,0x00000007ebf58000,0x00000007ebf80000)
  to   space 512K, 0% used [0x00000007ebd00000,0x00000007ebd00000,0x00000007ebd80000)
 ParOldGen       total 95744K, used 82866K [0x00000007c0000000, 0x00000007c5d80000, 0x00000007eab00000)
  object space 95744K, 86% used [0x00000007c0000000,0x00000007c50ecb50,0x00000007c5d80000)
 Metaspace       used 66884K, committed 67904K, reserved 1114112K
  class space    used 7763K, committed 8256K, reserved 1048576K
}
Event: 44.438 GC heap after
{Heap after GC invocations=72 (full 4):
 PSYoungGen      total 18944K, used 256K [0x00000007eab00000, 0x00000007ebf80000, 0x0000000800000000)
  eden space 18432K, 0% used [0x00000007eab00000,0x00000007eab00000,0x00000007ebd00000)
  from space 512K, 50% used [0x00000007ebd00000,0x00000007ebd40000,0x00000007ebd80000)
  to   space 512K, 0% used [0x00000007ebf00000,0x00000007ebf00000,0x00000007ebf80000)
 ParOldGen       total 95744K, used 83023K [0x00000007c0000000, 0x00000007c5d80000, 0x00000007eab00000)
  object space 95744K, 86% used [0x00000007c0000000,0x00000007c5113d50,0x00000007c5d80000)
 Metaspace       used 66884K, committed 67904K, reserved 1114112K
  class space    used 7763K, committed 8256K, reserved 1048576K
}
Event: 44.544 GC heap before
{Heap before GC invocations=73 (full 4):
 PSYoungGen      total 18944K, used 18688K [0x00000007eab00000, 0x00000007ebf80000, 0x0000000800000000)
  eden space 18432K, 100% used [0x00000007eab00000,0x00000007ebd00000,0x00000007ebd00000)
  from space 512K, 50% used [0x00000007ebd00000,0x00000007ebd40000,0x00000007ebd80000)
  to   space 512K, 0% used [0x00000007ebf00000,0x00000007ebf00000,0x00000007ebf80000)
 ParOldGen       total 95744K, used 83023K [0x00000007c0000000, 0x00000007c5d80000, 0x00000007eab00000)
  object space 95744K, 86% used [0x00000007c0000000,0x00000007c5113d50,0x00000007c5d80000)
 Metaspace       used 66992K, committed 68096K, reserved 1114112K
  class space    used 7765K, committed 8256K, reserved 1048576K
}
Event: 44.545 GC heap after
{Heap after GC invocations=73 (full 4):
 PSYoungGen      total 18944K, used 384K [0x00000007eab00000, 0x00000007ebf80000, 0x0000000800000000)
  eden space 18432K, 0% used [0x00000007eab00000,0x00000007eab00000,0x00000007ebd00000)
  from space 512K, 75% used [0x00000007ebf00000,0x00000007ebf60000,0x00000007ebf80000)
  to   space 512K, 0% used [0x00000007ebd00000,0x00000007ebd00000,0x00000007ebd80000)
 ParOldGen       total 95744K, used 83165K [0x00000007c0000000, 0x00000007c5d80000, 0x00000007eab00000)
  object space 95744K, 86% used [0x00000007c0000000,0x00000007c5137510,0x00000007c5d80000)
 Metaspace       used 66992K, committed 68096K, reserved 1114112K
  class space    used 7765K, committed 8256K, reserved 1048576K
}
Event: 2708.681 GC heap before
{Heap before GC invocations=74 (full 4):
 PSYoungGen      total 18944K, used 18816K [0x00000007eab00000, 0x00000007ebf80000, 0x0000000800000000)
  eden space 18432K, 100% used [0x00000007eab00000,0x00000007ebd00000,0x00000007ebd00000)
  from space 512K, 75% used [0x00000007ebf00000,0x00000007ebf60000,0x00000007ebf80000)
  to   space 512K, 0% used [0x00000007ebd00000,0x00000007ebd00000,0x00000007ebd80000)
 ParOldGen       total 95744K, used 83165K [0x00000007c0000000, 0x00000007c5d80000, 0x00000007eab00000)
  object space 95744K, 86% used [0x00000007c0000000,0x00000007c5137510,0x00000007c5d80000)
 Metaspace       used 67306K, committed 68352K, reserved 1114112K
  class space    used 7792K, committed 8256K, reserved 1048576K
}
Event: 2708.683 GC heap after
{Heap after GC invocations=74 (full 4):
 PSYoungGen      total 18944K, used 384K [0x00000007eab00000, 0x00000007ebf80000, 0x0000000800000000)
  eden space 18432K, 0% used [0x00000007eab00000,0x00000007eab00000,0x00000007ebd00000)
  from space 512K, 75% used [0x00000007ebd00000,0x00000007ebd60000,0x00000007ebd80000)
  to   space 512K, 0% used [0x00000007ebf00000,0x00000007ebf00000,0x00000007ebf80000)
 ParOldGen       total 95744K, used 83461K [0x00000007c0000000, 0x00000007c5d80000, 0x00000007eab00000)
  object space 95744K, 87% used [0x00000007c0000000,0x00000007c5181510,0x00000007c5d80000)
 Metaspace       used 67306K, committed 68352K, reserved 1114112K
  class space    used 7792K, committed 8256K, reserved 1048576K
}

